<?xml version="1.0" encoding="UTF-8"?>
<!-- Generated by org.testng.reporters.JUnitReportReporter -->
<testsuite hostname="LAPTOP-IKS9SD1L" failures="0" tests="2" name="testcases.LoginTest" time="4.065" errors="0" timestamp="01 Mar 2024 16:06:27 GMT" skipped="0">
  <testcase classname="testcases.LoginTest" name="LoginsAsManager" time="2.617"/>
  <testcase classname="testcases.LoginTest" name="LoginsAsMember" time="1.448"/>
</testsuite> <!-- testcases.LoginTest -->
