<?xml version="1.0" encoding="UTF-8"?>
<!-- Generated by org.testng.reporters.JUnitReportReporter -->
<testsuite hostname="LAPTOP-IKS9SD1L" failures="0" tests="1" name="testcases.OpenAccountTest" time="1.718" errors="0" timestamp="01 Mar 2024 16:06:27 GMT" skipped="0">
  <testcase classname="testcases.OpenAccountTest" name="openAccountForExistingCustomers" time="1.718"/>
</testsuite> <!-- testcases.OpenAccountTest -->
